"D:/zhangzhi/uedev/CesiumPixelStreamingDemo/changeMapLevel/Content/osgMapLevel.uasset" 0
"../../../Engine/Content/EngineMaterials/T_Default_Material_Grid_N.uasset" 1
"../../../Engine/Content/EngineMaterials/T_Default_Material_Grid_M.uasset" 2
"../../../Engine/Content/Functions/Engine_MaterialFunctions01/Opacity/CameraDepthFade.uasset" 3
"../../../Engine/Content/EngineMaterials/WorldGridMaterial.uasset" 4
"../../../Engine/Content/ArtTools/RenderToTexture/Meshes/S_1_Unit_Plane.uasset" 5
"../../../Engine/Content/EngineMaterials/DefaultMaterial.uasset" 6
"../../../Engine/Content/BasicShapes/Cone.uasset" 7
"../../../Engine/Content/BasicShapes/Cube.uasset" 8
"../../../Engine/Content/BasicShapes/Plane.uasset" 9
"../../../Engine/Content/BasicShapes/Sphere.uasset" 10
"../../../Engine/Content/EditorLandscapeResources/DataLayer.uasset" 11
"../../../Engine/Content/EditorLandscapeResources/DefaultAlphaTexture.uasset" 12
"../../../Engine/Content/EditorMaterials/MAT_Groups_Toggle.uasset" 13
"../../../Engine/Content/EditorMaterials/MAT_Groups_Visibility.uasset" 14
"../../../Engine/Content/EditorMaterials/PreviewShadowIndicator.uasset" 15
"../../../Engine/Content/EditorMaterials/PreviewShadowIndicatorMaterial.uasset" 16
"../../../Engine/Content/EditorMaterials/MatineeGroups/MAT_ColorTrack.uasset" 17
"../../../Engine/Content/EditorMaterials/MatineeGroups/MAT_Groups_Anim.uasset" 18
"../../../Engine/Content/EditorMaterials/MatineeGroups/MAT_Groups_AudioMaster.uasset" 19
"../../../Engine/Content/EditorMaterials/MatineeGroups/MAT_Groups_Director.uasset" 20
"../../../Engine/Content/EditorMaterials/MatineeGroups/MAT_Groups_Event.uasset" 21
"../../../Engine/Content/EditorMaterials/MatineeGroups/MAT_Groups_Fade.uasset" 22
"../../../Engine/Content/EditorMaterials/MatineeGroups/MAT_Groups_Float.uasset" 23
"../../../Engine/Content/EditorMaterials/MatineeGroups/MAT_Groups_Move.uasset" 24
"../../../Engine/Content/EditorMaterials/MatineeGroups/MAT_Groups_Slomo.uasset" 25
"../../../Engine/Content/EditorMaterials/MatineeGroups/MAT_Groups_Sound.uasset" 26
"../../../Engine/Content/EditorMaterials/MatineeGroups/MAT_Groups_Vector.uasset" 27
"../../../Engine/Content/EditorMaterials/ParticleSystems/PSysThumbnail_NoImage.uasset" 28
"../../../Engine/Content/EditorMaterials/ParticleSystems/PSysThumbnail_OOD.uasset" 29
"../../../Engine/Content/EditorMaterials/Camera/CineMat.uasset" 30
"../../../Engine/Content/EditorMaterials/Camera/MI_CineMat_Rig.uasset" 31
"../../../Engine/Content/EditorMeshes/Camera/SM_CraneRig_Arm.uasset" 32
"../../../Engine/Content/EditorMeshes/Camera/SM_CraneRig_Base.uasset" 33
"../../../Engine/Content/EditorMeshes/Camera/SM_CraneRig_Body.uasset" 34
"../../../Engine/Content/EditorMeshes/Camera/SM_CraneRig_Mount.uasset" 35
"../../../Engine/Content/EditorMeshes/Camera/SM_RailRig_Mount.uasset" 36
"../../../Engine/Content/EditorMeshes/Camera/SM_RailRig_Track.uasset" 37
"../../../Engine/Content/EditorResources/BSPVertex.uasset" 38
"../../../Engine/Content/EditorResources/EmptyActor.uasset" 39
"../../../Engine/Content/EditorResources/S_Actor.uasset" 40
"../../../Engine/Content/EditorResources/S_Note.uasset" 41
"../../../Engine/Content/EditorResources/S_Solver.uasset" 42
"../../../Engine/Content/EditorResources/S_Terrain.uasset" 43
"../../../Engine/Content/EditorResources/S_Trigger.uasset" 44
"../../../Engine/Content/EditorResources/SequenceRecorder/Countdown.uasset" 45
"../../../Engine/Content/EditorResources/SequenceRecorder/RecordingIndicator.uasset" 46
"../../../Engine/Content/EngineDamageTypes/DmgTypeBP_Environmental.uasset" 47
"../../../Engine/Content/EngineDebugMaterials/DebugEditorMaterial.uasset" 48
"../../../Engine/Content/EngineDebugMaterials/DebugMeshMaterial.uasset" 49
"../../../Engine/Content/EngineDebugMaterials/M_SimpleUnlitTranslucent.uasset" 50
"../../../Engine/Content/EngineDebugMaterials/VolumeToRender.uasset" 51
"../../../Engine/Content/Functions/Engine_MaterialFunctions02/Utility/CameraDirectionVector.uasset" 52
"../../../Engine/Content/EngineDebugMaterials/M_VolumeRenderSphereTracePP.uasset" 53
"../../../Engine/Content/Functions/Engine_MaterialFunctions01/Shading/ConvertFromDiffSpec.uasset" 54
"../../../Engine/Content/EngineDebugMaterials/VertexColorMaterial.uasset" 55
"../../../Engine/Content/EngineDebugMaterials/WireframeMaterial.uasset" 56
"../../../Engine/Content/EngineFonts/Faces/RobotoRegular.uasset" 57
"../../../Engine/Content/EngineFonts/Faces/RobotoLight.uasset" 58
"../../../Engine/Content/EngineFonts/Faces/RobotoItalic.uasset" 59
"../../../Engine/Content/EngineFonts/Faces/RobotoBoldItalic.uasset" 60
"../../../Engine/Content/EngineFonts/Faces/RobotoBold.uasset" 61
"../../../Engine/Content/EngineFonts/Faces/DroidSansFallback.uasset" 62
"../../../Engine/Content/EngineFonts/Roboto.uasset" 63
"../../../Engine/Content/EngineMaterials/BaseFlattenNormalMap.uasset" 64
"../../../Engine/Content/EngineMaterials/BaseFlattenGrayscaleMap.uasset" 65
"../../../Engine/Content/EngineMaterials/BaseFlattenEmissiveMap.uasset" 66
"../../../Engine/Content/EngineMaterials/BaseFlattenDiffuseMap.uasset" 67
"../../../Engine/Content/EngineMaterials/BaseFlattenMaterial.uasset" 68
"../../../Engine/Content/EngineMaterials/BlueNoise.uasset" 69
"../../../Engine/Content/EngineMaterials/DefaultBloomKernel.uasset" 70
"../../../Engine/Content/EngineMaterials/DefaultBokeh.uasset" 71
"../../../Engine/Content/EngineMaterials/DefaultDiffuse.uasset" 72
"../../../Engine/Content/EngineMaterials/DefaultDeferredDecalMaterial.uasset" 73
"../../../Engine/Content/EngineMaterials/DefaultLightFunctionMaterial.uasset" 74
"../../../Engine/Content/EngineMaterials/DefaultPhysicalMaterial.uasset" 75
"../../../Engine/Content/Functions/Engine_MaterialFunctions02/Utility/BreakOutFloat2Components.uasset" 76
"../../../Engine/Content/EngineMaterials/DefaultPostProcessMaterial.uasset" 77
"../../../Engine/Content/EngineFonts/RobotoDistanceField.uasset" 78
"../../../Engine/Content/EngineMaterials/DefaultTextMaterialOpaque.uasset" 79
"../../../Engine/Content/EngineMaterials/DefaultWhiteGrid.uasset" 80
"../../../Engine/Content/EngineMaterials/DefaultWhiteGrid_Low.uasset" 81
"../../../Engine/Content/EngineMaterials/EmissiveMeshMaterial.uasset" 82
"../../../Engine/Content/EngineMaterials/GizmoMaterial.uasset" 83
"../../../Engine/Content/EngineMaterials/MiniFont.uasset" 84
"../../../Engine/Content/EngineMaterials/InvalidLightmapSettings.uasset" 85
"../../../Engine/Content/EngineMaterials/M_InvalidLightmapSettings.uasset" 86
"../../../Engine/Content/Functions/Engine_MaterialFunctions02/WorldPositionOffset/CameraOffset.uasset" 87
"../../../Engine/Content/EngineMaterials/PhAT_JointLimitMaterial.uasset" 88
"../../../Engine/Content/EngineMaterials/PreintegratedSkinBRDF.uasset" 89
"../../../Engine/Content/EngineMaterials/RemoveSurfaceMaterial.uasset" 90
"../../../Engine/Content/EngineMaterials/WeightMapPlaceholderTexture.uasset" 91
"../../../Engine/Content/EngineResources/WhiteSquareTexture.uasset" 92
"../../../Engine/Content/EngineMaterials/Widget3DPassThrough.uasset" 93
"../../../Engine/Content/EngineMaterials/Widget3DPassThrough_Masked.uasset" 94
"../../../Engine/Content/EngineMaterials/Widget3DPassThrough_Opaque.uasset" 95
"../../../Engine/Content/EngineMaterials/Widget3DPassThrough_Masked_OneSided.uasset" 96
"../../../Engine/Content/EngineMaterials/Widget3DPassThrough_Opaque_OneSided.uasset" 97
"../../../Engine/Content/EngineMaterials/Widget3DPassThrough_Translucent.uasset" 98
"../../../Engine/Content/EngineMaterials/Widget3DPassThrough_Translucent_OneSided.uasset" 99
"../../../Engine/Content/EngineMeshes/Cylinder.uasset" 100
"../../../Engine/Content/EngineMeshes/Sphere.uasset" 101
"../../../Engine/Content/EngineResources/Black.uasset" 102
"../../../Engine/Content/EngineResources/DefaultTextureCube.uasset" 103
"../../../Engine/Content/EngineResources/DefaultVolumeTexture2D.uasset" 104
"../../../Engine/Content/EngineResources/DefaultVolumeTexture.uasset" 105
"../../../Engine/Content/EngineResources/GradientTexture0.uasset" 106
"../../../Engine/Content/EngineSky/VolumetricClouds/T_NoiseShape64.uasset" 107
"../../../Engine/Content/EngineSky/VolumetricClouds/T_VolumeNoiseShape64.uasset" 108
"../../../Engine/Content/EngineSky/VolumetricClouds/T_NoiseErosion.uasset" 109
"../../../Engine/Content/EngineSky/VolumetricClouds/T_VolumeNoiseErosion32.uasset" 110
"../../../Engine/Content/EngineSky/VolumetricClouds/CloudWeatherTexture.uasset" 111
"../../../Engine/Content/EngineSky/VolumetricClouds/CloudGradientTexture.uasset" 112
"../../../Engine/Content/Functions/Engine_MaterialFunctions02/Utility/MakeFloat2.uasset" 113
"../../../Engine/Content/EngineSky/VolumetricClouds/m_SimpleVolumetricCloud.uasset" 114
"../../../Engine/Content/EngineSky/VolumetricClouds/m_SimpleVolumetricCloud_Inst.uasset" 115
"../../../Engine/Content/EngineSounds/Master.uasset" 116
"../../../Engine/Content/Functions/Engine_MaterialFunctions01/Shading/PowerToRoughness.uasset" 117
"../../../Engine/Content/Maps/Templates/Thumbnails/Default.uasset" 118
"../../../Engine/Content/Maps/Templates/Thumbnails/TimeOfDay.uasset" 119
"../../../Engine/Content/Maps/Templates/Thumbnails/VR-Basic.uasset" 120
"../../../Engine/Content/MobileResources/T_MobileControls_texture.uasset" 121
"../../../Engine/Content/MobileResources/T_MobileMenu2.uasset" 122
"../../../Engine/Content/MobileResources/HUD/AnalogHat.uasset" 123
"../../../Engine/Content/MobileResources/HUD/VirtualJoystick_Thumb.uasset" 124
"../../../Engine/Content/MobileResources/HUD/VirtualJoystick_Background.uasset" 125
"../../../Engine/Content/MobileResources/HUD/DefaultVirtualJoysticks.uasset" 126
"../../../Engine/Content/MobileResources/HUD/LeftVirtualJoystickOnly.uasset" 127
"../../../Engine/Content/MobileResources/HUD/MobileHUDButton1_off.uasset" 128
"../../../Engine/Content/MobileResources/HUD/MobileHUDButton1_on.uasset" 129
"../../../Engine/Content/MobileResources/HUD/MobileHUDButton2_off.uasset" 130
"../../../Engine/Content/MobileResources/HUD/MobileHUDButton2_on.uasset" 131
"../../../Engine/Content/MobileResources/HUD/MobileHUDButton3.uasset" 132
"../../../Engine/Content/MobileResources/HUD/MobileHUDButtonFire.uasset" 133
"../../../Engine/Content/MobileResources/HUD/MobileHUDDirectionPad.uasset" 134
"../../../Engine/Content/MobileResources/HUD/MobileHUDDirectionPad2.uasset" 135
"../../../Engine/Content/MobileResources/HUD/MobileHUDDirectionPad3.uasset" 136
"../../../Engine/Content/MobileResources/HUD/MobileHUDDirectionStick.uasset" 137
"../../../Engine/Content/MobileResources/HUD/T_Castle_ThumbstickInner.uasset" 138
"../../../Engine/Content/MobileResources/HUD/T_Castle_ThumbstickOutter.uasset" 139
"../../../Engine/Content/Tutorial/ContentIntroCurve.uasset" 140
"../../../Engine/Content/Tutorial/Basics/LevelEditorAttract.uasset" 141
"../../../Engine/Content/VREditor/TransformGizmo/TranslucentTransformGizmoMaterial.uasset" 142
"../../../Engine/Content/VREditor/LaserPointer/VR_LaserPower_01.uasset" 143
"../../../Engine/Content/VREditor/TransformGizmo/TransformGizmoMaterial.uasset" 144
"../../../Engine/Content/VREditor/TransformGizmo/BoundingBoxCorner.uasset" 145
"../../../Engine/Content/VREditor/TransformGizmo/BoundingBoxEdge.uasset" 146
"../../../Engine/Content/VREditor/TransformGizmo/PlaneTranslationHandle.uasset" 147
"../../../Engine/Content/VREditor/TransformGizmo/Xray.uasset" 148
"../../../Engine/Content/VREditor/TransformGizmo/Main.uasset" 149
"../../../Engine/Content/VREditor/TransformGizmo/SM_Sequencer_Key.uasset" 150
"../../../Engine/Content/VREditor/TransformGizmo/SM_Sequencer_Node.uasset" 151
"../../Plugins/2D/Paper2D/Content/PlaceholderTextures/DummySpriteTexture.uasset" 152
"../../Plugins/2D/Paper2D/Content/DummySprite.uasset" 153
"../../Plugins/2D/Paper2D/Content/DefaultPaperTerrainMaterial.uasset" 154
"../../Plugins/2D/Paper2D/Content/DefaultSpriteMaterial.uasset" 155
"../../Plugins/2D/Paper2D/Content/MaskedUnlitSpriteMaterial.uasset" 156
"../../Plugins/2D/Paper2D/Content/OpaqueUnlitSpriteMaterial.uasset" 157
"../../Plugins/Editor/SpeedTreeImporter/Content/SpeedTree9/UnpackDirection.uasset" 158
"../../Plugins/Editor/SpeedTreeImporter/Content/SpeedTree9/game_wind_noise.uasset" 159
"../../../Engine/Content/Functions/Engine_MaterialFunctions02/SafeNormalize.uasset" 160
"../../Plugins/Editor/SpeedTreeImporter/Content/SpeedTree9/SpeedTreeWindMotion.uasset" 161
"../../../Engine/Content/Functions/Engine_MaterialFunctions02/Utility/BreakOutFloat3Components.uasset" 162
"../../Plugins/Editor/SpeedTreeImporter/Content/SpeedTree9/UnpackInteger3.uasset" 163
"../../Plugins/Editor/SpeedTreeImporter/Content/SpeedTree9/SpeedTreeBranchMotion.uasset" 164
"../../../Engine/Content/Functions/Engine_MaterialFunctions02/ObjectLocalBounds.uasset" 165
"../../../Engine/Content/Functions/Engine_MaterialFunctions02/UVs/BoundingBoxBased_0-1_UVW.uasset" 166
"../../Plugins/Editor/SpeedTreeImporter/Content/SpeedTree9/SpeedTreeWind.uasset" 167
"../../Plugins/Editor/SpeedTreeImporter/Content/SpeedTree9/SpeedTreeBillboard.uasset" 168
"../../../Engine/Content/EngineResources/DefaultTexture.uasset" 169
"../../Plugins/Editor/SpeedTreeImporter/Content/SpeedTree9/SpeedTreeBillboardMaster.uasset" 170
"../../Plugins/Editor/SpeedTreeImporter/Content/SpeedTree9/SpeedTreeCameraFacing.uasset" 171
"../../Plugins/Editor/SpeedTreeImporter/Content/SpeedTree9/SpeedTreeMaster.uasset" 172
"../../../Engine/Content/BasicShapes/Cylinder.uasset" 173
"../../../Engine/Content/ArtTools/RenderToTexture/Materials/Debug/M_Emissive_Color.uasset" 174
"../../Plugins/Lumin/MagicLeapPassableWorld/Content/MagicLeapARPinInfoActor.uasset" 175
"../../Plugins/Experimental/Landmass/Content/Landscape/BlueprintBrushes/MPC/MPC_Landscape.uasset" 176
"../../../Engine/Content/EngineResources/Cursors/Arrow.uasset" 177
"../../Plugins/Media/PixelStreaming/Content/DefaultCursor.uasset" 178
"../../Plugins/Media/PixelStreaming/Content/HiddenCursor.uasset" 179
"../../Plugins/Media/PixelStreaming/Content/TextEditBeamTexture.uasset" 180
"../../Plugins/Media/PixelStreaming/Content/TextEditBeamCursor.uasset" 181
"../../Plugins/Experimental/Water/Content/Curves/FloatCurve.uasset" 182
"../../Plugins/Experimental/Water/Content/Curves/FloatCurve_WaterBodyIsland.uasset" 183
"../../Plugins/Experimental/Water/Content/Meshes/LakeMesh.uasset" 184
"../../Plugins/Experimental/Water/Content/Meshes/RiverMesh.uasset" 185
"../../Plugins/Experimental/Water/Content/Waves/GerstnerWaves_Lake.uasset" 186
"../../Plugins/Experimental/Water/Content/Waves/GerstnerWaves_Ocean.uasset" 187
"../../Plugins/Runtime/SunPosition/Content/Editor/M_ArrowColor.uasset" 188
"../../Plugins/Runtime/SunPosition/Content/Editor/MI_ArrowColorRed.uasset" 189
"../../Plugins/Runtime/SunPosition/Content/Editor/MI_ArrowColorGrey.uasset" 190
"../../Plugins/Runtime/SunPosition/Content/Editor/SM_Compass.uasset" 191
"../../../Engine/Content/EngineSky/T_Sky_Stars.uasset" 192
"../../../Engine/Content/EngineSky/T_Sky_Clouds_M.uasset" 193
"../../../Engine/Content/EngineSky/T_Sky_Blue.uasset" 194
"../../../Engine/Content/EngineSky/M_Sky_Panning_Clouds2.uasset" 195
"../../../Engine/Content/EngineSky/SM_SkySphere.uasset" 196
"../../../Engine/Content/EngineSky/C_Sky_Zenith_Color.uasset" 197
"../../../Engine/Content/EngineSky/C_Sky_Horizon_Color.uasset" 198
"../../../Engine/Content/EngineSky/C_Sky_Cloud_Color.uasset" 199
"../../../Engine/Content/EditorBlueprintResources/StandardMacros.uasset" 200
"../../../Engine/Content/EngineSky/BP_Sky_Sphere.uasset" 201
"../../Plugins/Runtime/SunPosition/Content/SunSky.uasset" 202
"../../Plugins/Runtime/WebBrowserWidget/Content/WebTexture_T.uasset" 203
"../../Plugins/Runtime/WebBrowserWidget/Content/WebTexture_M.uasset" 204
"../../Plugins/Runtime/WebBrowserWidget/Content/WebTexture_TM.uasset" 205
"../../../Engine/Content/Functions/Engine_MaterialFunctions02/Utility/BreakOutFloat4Components.uasset" 206
"../../../Engine/Content/Functions/Engine_MaterialFunctions02/Utility/MakeFloat3.uasset" 207
"../../Plugins/Runtime/Oculus/OculusVR/Content/Materials/OculusMR_ChromaKey.uasset" 208
"../../Plugins/Runtime/Oculus/OculusVR/Content/Materials/OculusMR_OpaqueColoredMaterial.uasset" 209
"../../Plugins/Runtime/Oculus/OculusVR/Content/Materials/PokeAHoleMaterial.uasset" 210
"D:/zhangzhi/uedev/CesiumPixelStreamingDemo/changeMapLevel/Plugins/CesiumForUnreal/Content/CesiumSunSky.uasset" 211
"D:/zhangzhi/uedev/CesiumPixelStreamingDemo/changeMapLevel/Plugins/CesiumForUnreal/Content/WBP_TimeOfDay.uasset" 212
"D:/zhangzhi/uedev/CesiumPixelStreamingDemo/changeMapLevel/Plugins/CesiumForUnreal/Content/WBP_Profiling.uasset" 213
"D:/zhangzhi/uedev/CesiumPixelStreamingDemo/changeMapLevel/Plugins/CesiumForUnreal/Content/Curve_Progress_Float.uasset" 214
"D:/zhangzhi/uedev/CesiumPixelStreamingDemo/changeMapLevel/Plugins/CesiumForUnreal/Content/Curve_PawnMovementSpeed_Float.uasset" 215
"D:/zhangzhi/uedev/CesiumPixelStreamingDemo/changeMapLevel/Plugins/CesiumForUnreal/Content/Curve_MaxAltitude_Float.uasset" 216
"D:/zhangzhi/uedev/CesiumPixelStreamingDemo/changeMapLevel/Plugins/CesiumForUnreal/Content/Curve_AltitudeProfile_Float.uasset" 217
"D:/zhangzhi/uedev/CesiumPixelStreamingDemo/changeMapLevel/Plugins/CesiumForUnreal/Content/DynamicPawn.uasset" 218
"D:/zhangzhi/uedev/CesiumPixelStreamingDemo/changeMapLevel/Plugins/CesiumForUnreal/Content/FloatingGameMode.uasset" 219
"D:/zhangzhi/uedev/CesiumPixelStreamingDemo/changeMapLevel/Plugins/CesiumForUnreal/Content/FloatingPawn.uasset" 220
"D:/zhangzhi/uedev/CesiumPixelStreamingDemo/changeMapLevel/Plugins/CesiumForUnreal/Content/Textures/NoNormalTexture.uasset" 221
"D:/zhangzhi/uedev/CesiumPixelStreamingDemo/changeMapLevel/Plugins/CesiumForUnreal/Content/Textures/NoMetallicRoughnessTexture.uasset" 222
"D:/zhangzhi/uedev/CesiumPixelStreamingDemo/changeMapLevel/Plugins/CesiumForUnreal/Content/Textures/NoColorTexture.uasset" 223
"D:/zhangzhi/uedev/CesiumPixelStreamingDemo/changeMapLevel/Plugins/CesiumForUnreal/Content/Materials/MaterialFunctions/CesiumSelectTexCoords.uasset" 224
"D:/zhangzhi/uedev/CesiumPixelStreamingDemo/changeMapLevel/Plugins/CesiumForUnreal/Content/Materials/MaterialFunctions/CesiumGlTFFunction.uasset" 225
"D:/zhangzhi/uedev/CesiumPixelStreamingDemo/changeMapLevel/Plugins/CesiumForUnreal/Content/Materials/M_CesiumDefaultMasked.uasset" 226
"D:/zhangzhi/uedev/CesiumPixelStreamingDemo/changeMapLevel/Plugins/CesiumForUnreal/Content/Textures/transparent1x1.uasset" 227
"D:/zhangzhi/uedev/CesiumPixelStreamingDemo/changeMapLevel/Plugins/CesiumForUnreal/Content/Materials/MaterialFunctions/CesiumPointInBox.uasset" 228
"D:/zhangzhi/uedev/CesiumPixelStreamingDemo/changeMapLevel/Plugins/CesiumForUnreal/Content/Materials/MaterialFunctions/CesiumRasterOverlay.uasset" 229
"D:/zhangzhi/uedev/CesiumPixelStreamingDemo/changeMapLevel/Plugins/CesiumForUnreal/Content/Materials/MaterialFunctions/CesiumGltfWithOverlays.uasset" 230
"D:/zhangzhi/uedev/CesiumPixelStreamingDemo/changeMapLevel/Plugins/CesiumForUnreal/Content/Materials/M_CesiumOverlay.uasset" 231
"../../../Engine/Content/Functions/MaterialLayerFunctions/MatLayerBlend_BreakBaseColor.uasset" 232
"../../../Engine/Content/Functions/MaterialLayerFunctions/MatLayerBlend_OverrideBaseColor.uasset" 233
"D:/zhangzhi/uedev/CesiumPixelStreamingDemo/changeMapLevel/Plugins/CesiumForUnreal/Content/Materials/CesiumWaterMaterialFunctions/ML_CesiumLandWaterBlend.uasset" 234
"../../Plugins/Experimental/Water/Content/Materials/MPC/MPC_Water.uasset" 235
"D:/zhangzhi/uedev/CesiumPixelStreamingDemo/changeMapLevel/Plugins/CesiumForUnreal/Content/Materials/CesiumWaterMaterialFunctions/MF_CesiumWaterAttributes.uasset" 236
"../../../Engine/Content/Functions/Engine_MaterialFunctions02/Math/TimeWithSpeedVariable.uasset" 237
"../../Plugins/Experimental/Water/Content/Materials/Functions/WaterTextureWaves.uasset" 238
"../../Plugins/Experimental/Water/Content/Textures/Normals/T_Water_TilingNormal_With_Height_02_Softened.uasset" 239
"../../Plugins/Experimental/Water/Content/Materials/Functions/WaterTextureSurface.uasset" 240
"../../Plugins/Experimental/Water/Content/Materials/Layers/WaterAttributes.uasset" 241
"../../Plugins/Experimental/Water/Content/Materials/Functions/SetWaveAttributes.uasset" 242
"../../Plugins/Experimental/Water/Content/Textures/DefaultWaveSpectrumRT.uasset" 243
"../../Plugins/Experimental/Water/Content/Caustics/Materials/Functions/GetGerstnerWaves.uasset" 244
"D:/zhangzhi/uedev/CesiumPixelStreamingDemo/changeMapLevel/Plugins/CesiumForUnreal/Content/Materials/CesiumWaterMaterialFunctions/MF_CesiumWaterWaves.uasset" 245
"D:/zhangzhi/uedev/CesiumPixelStreamingDemo/changeMapLevel/Plugins/CesiumForUnreal/Content/Materials/CesiumWaterMaterialFunctions/MF_CesiumWaterScattering.uasset" 246
"../../../Engine/Content/ArtTools/RenderToTexture/Textures/127grey.uasset" 247
"D:/zhangzhi/uedev/CesiumPixelStreamingDemo/changeMapLevel/Plugins/CesiumForUnreal/Content/Materials/CesiumWaterMaterialFunctions/MF_CesiumWaterMaskSample.uasset" 248
"D:/zhangzhi/uedev/CesiumPixelStreamingDemo/changeMapLevel/Plugins/CesiumForUnreal/Content/Materials/CesiumWaterMaterialFunctions/MF_CesiumWaterAbsorption.uasset" 249
"D:/zhangzhi/uedev/CesiumPixelStreamingDemo/changeMapLevel/Plugins/CesiumForUnreal/Content/Materials/M_CesiumOverlayComplexWater.uasset" 250
"D:/zhangzhi/uedev/CesiumPixelStreamingDemo/changeMapLevel/Plugins/CesiumForUnreal/Content/Materials/CesiumWaterMaterialFunctions/CesiumWaterTextureWaves.uasset" 251
"D:/zhangzhi/uedev/CesiumPixelStreamingDemo/changeMapLevel/Plugins/CesiumForUnreal/Content/Materials/CesiumWaterMaterialFunctions/CesiumSimpleWaterSurface.uasset" 252
"D:/zhangzhi/uedev/CesiumPixelStreamingDemo/changeMapLevel/Plugins/CesiumForUnreal/Content/Materials/M_CesiumOverlayWater.uasset" 253
"../../Plugins/Experimental/Water/Content/Materials/Functions/WorldPositionBehindWater.uasset" 254
"../../Plugins/Experimental/Water/Content/Materials/Functions/WorldNormalBehindWater.uasset" 255
"../../Plugins/Experimental/Water/Content/Caustics/Materials/Functions/GetDistortionUV.uasset" 256
"../../Plugins/Experimental/Water/Content/Textures/Caustics/Caustics_Animated_01_HDR.uasset" 257
"../../../Engine/Content/Functions/Engine_MaterialFunctions01/Coordinates/1Dto2DIndex.uasset" 258
"../../../Engine/Content/Functions/Engine_MaterialFunctions02/Texturing/ScreenAlignedPixelToPixelUVs.uasset" 259
"../../../Engine/Content/EngineMaterials/Good64x64TilingNoiseHighFreq.uasset" 260
"../../../Engine/Content/Functions/Engine_MaterialFunctions02/Utility/DitherTemporalAA.uasset" 261
"../../../Engine/Content/Functions/Engine_MaterialFunctions01/Texturing/ComputeMipLevel.uasset" 262
"../../Plugins/Experimental/Water/Content/Caustics/Materials/Functions/WaterCaustics_SubUVAnimation.uasset" 263
"../../Plugins/Experimental/Water/Content/Textures/Caustics/Caustics_Tiling_01_HDR.uasset" 264
"../../Plugins/Experimental/Water/Content/Caustics/Materials/Functions/WaterCaustics_Static.uasset" 265
"../../Plugins/Experimental/Water/Content/Materials/Functions/GetWaterTime.uasset" 266
"../../../Engine/Content/Functions/Engine_MaterialFunctions02/Utility/VectorLength.uasset" 267
"../../Plugins/Experimental/Water/Content/Caustics/Materials/Functions/WaterCaustics_GerstnerWaves_PreviewOnly.uasset" 268
"D:/zhangzhi/uedev/CesiumPixelStreamingDemo/changeMapLevel/Plugins/CesiumForUnreal/Content/Materials/CesiumWaterMaterialFunctions/MF_CesiumWaterColorScale.uasset" 269
"D:/zhangzhi/uedev/CesiumPixelStreamingDemo/changeMapLevel/Plugins/CesiumForUnreal/Content/Textures/T_Water_TilingNormal_With_Height_02_Softened.uasset" 270
"D:/zhangzhi/uedev/CesiumPixelStreamingDemo/changeMapLevel/Plugins/CesiumForUnreal/Content/ion-credit.uasset" 271
"D:/zhangzhi/uedev/CesiumPixelStreamingDemo/changeMapLevel/Plugins/CesiumForUnreal/Content/ScreenCredits.uasset" 272
"D:/zhangzhi/uedev/CesiumPixelStreamingDemo/changeMapLevel/Plugins/CesiumForUnreal/Content/CesiumCreditSystemBP.uasset" 273
"D:/zhangzhi/uedev/CesiumPixelStreamingDemo/changeMapLevel/Content/imageMapLevel.umap" 274
"D:/zhangzhi/uedev/CesiumPixelStreamingDemo/changeMapLevel/Content/roadMapLevel.umap" 275
"D:/zhangzhi/uedev/CesiumPixelStreamingDemo/changeMapLevel/Content/StartImageMapLevel.umap" 276
"../../../Engine/Content/Maps/Entry_BuiltData.uasset" 277
"../../../Engine/Content/Maps/Entry.umap" 278
